CBMC version 5.4 64-bit x86_64 linux
Parsing examples/_cs_lazy_unsafe.c
Converting
Type-checking _cs_lazy_unsafe
Generating GOTO Program
Adding CPROVER library (x86_64)
Function Pointer Removal
Partial Inlining
Generic Property Instrumentation
Starting Bounded Model Checking
size of program expression: 575 steps
simple slicing removed 191 assignments
Generated 13 VCC(s), 13 remaining after simplification
Passing problem to propositional reduction
converting SSA
Running propositional reduction
Post-processing
Solving with MiniSAT 2.2.1 with simplifier
1524 variables, 3992 clauses
SAT checker: instance is SATISFIABLE
Runtime decision procedure: 0.007s
Building error trace

Counterexample:

State 34 file examples/_cs_lazy_unsafe.c line 423 function main thread 0
----------------------------------------------------
  __cs_thread_index=0 (000)

State 35 file examples/_cs_lazy_unsafe.c line 424 function main thread 0
----------------------------------------------------
  __cs_tmp_t0_r0=3 (011)

State 36 file examples/_cs_lazy_unsafe.c line 425 function main thread 0
----------------------------------------------------
  __cs_pc_cs[0]=3 (0011)

State 44 file examples/_cs_lazy_unsafe.c line 392 function main_thread thread 0
----------------------------------------------------
  __cs_m=&m (00000010000000000000000000000000)

State 45 file examples/_cs_lazy_unsafe.c line 392 function main_thread thread 0
----------------------------------------------------
  __cs_val=0 (00000000000000000000000000000000)

State 46 file examples/_cs_lazy_unsafe.c line 139 function __cs_mutex_init thread 0
----------------------------------------------------
  m=-1 (11111111111111111111111111111111)

State 51 file examples/_cs_lazy_unsafe.c line 399 function main_thread thread 0
----------------------------------------------------
  __cs_new_thread_id=&__cs_local_main_t1 (00000011000000000000000000000000)

State 52 file examples/_cs_lazy_unsafe.c line 399 function main_thread thread 0
----------------------------------------------------
  __cs_attr=NULL (00000000000000000000000000000000)

State 53 file examples/_cs_lazy_unsafe.c line 399 function main_thread thread 0
----------------------------------------------------
  __cs_func=thread1_0 (00000100000000000000000000000000)

State 54 file examples/_cs_lazy_unsafe.c line 399 function main_thread thread 0
----------------------------------------------------
  __cs_arg=NULL (00000000000000000000000000000000)

State 55 file examples/_cs_lazy_unsafe.c line 399 function main_thread thread 0
----------------------------------------------------
  __cs_threadID=1 (00000000000000000000000000000001)

State 57 file examples/_cs_lazy_unsafe.c line 114 function __cs_create thread 0
----------------------------------------------------
  __cs_local_main_t1=1 (00000000000000000000000000000001)

State 58 file examples/_cs_lazy_unsafe.c line 115 function __cs_create thread 0
----------------------------------------------------
  __cs_active_thread[1]=1 (1)

State 59 file examples/_cs_lazy_unsafe.c line 116 function __cs_create thread 0
----------------------------------------------------
  __cs_threadargs[1]=NULL (00000000000000000000000000000000)

State 62 file examples/_cs_lazy_unsafe.c line 117 function __cs_create thread 0
----------------------------------------------------
  __cs_message="thread spawned" (00000101000000000000000000000000)

State 69 file examples/_cs_lazy_unsafe.c line 401 function main_thread thread 0
----------------------------------------------------
  __cs_new_thread_id=&__cs_local_main_t2 (00000110000000000000000000000000)

State 70 file examples/_cs_lazy_unsafe.c line 401 function main_thread thread 0
----------------------------------------------------
  __cs_attr=NULL (00000000000000000000000000000000)

State 71 file examples/_cs_lazy_unsafe.c line 401 function main_thread thread 0
----------------------------------------------------
  __cs_func=thread2_0 (00000111000000000000000000000000)

State 72 file examples/_cs_lazy_unsafe.c line 401 function main_thread thread 0
----------------------------------------------------
  __cs_arg=NULL (00000000000000000000000000000000)

State 73 file examples/_cs_lazy_unsafe.c line 401 function main_thread thread 0
----------------------------------------------------
  __cs_threadID=2 (00000000000000000000000000000010)

State 75 file examples/_cs_lazy_unsafe.c line 114 function __cs_create thread 0
----------------------------------------------------
  __cs_local_main_t2=2 (00000000000000000000000000000010)

State 76 file examples/_cs_lazy_unsafe.c line 115 function __cs_create thread 0
----------------------------------------------------
  __cs_active_thread[2]=1 (1)

State 77 file examples/_cs_lazy_unsafe.c line 116 function __cs_create thread 0
----------------------------------------------------
  __cs_threadargs[2]=NULL (00000000000000000000000000000000)

State 80 file examples/_cs_lazy_unsafe.c line 117 function __cs_create thread 0
----------------------------------------------------
  __cs_message="thread spawned" (00000101000000000000000000000000)

State 87 file examples/_cs_lazy_unsafe.c line 403 function main_thread thread 0
----------------------------------------------------
  __cs_new_thread_id=&__cs_local_main_t3 (00001000000000000000000000000000)

State 88 file examples/_cs_lazy_unsafe.c line 403 function main_thread thread 0
----------------------------------------------------
  __cs_attr=NULL (00000000000000000000000000000000)

State 89 file examples/_cs_lazy_unsafe.c line 403 function main_thread thread 0
----------------------------------------------------
  __cs_func=thread3_0 (00001001000000000000000000000000)

State 90 file examples/_cs_lazy_unsafe.c line 403 function main_thread thread 0
----------------------------------------------------
  __cs_arg=NULL (00000000000000000000000000000000)

State 91 file examples/_cs_lazy_unsafe.c line 403 function main_thread thread 0
----------------------------------------------------
  __cs_threadID=3 (00000000000000000000000000000011)

State 93 file examples/_cs_lazy_unsafe.c line 114 function __cs_create thread 0
----------------------------------------------------
  __cs_local_main_t3=3 (00000000000000000000000000000011)

State 94 file examples/_cs_lazy_unsafe.c line 115 function __cs_create thread 0
----------------------------------------------------
  __cs_active_thread[3]=1 (1)

State 95 file examples/_cs_lazy_unsafe.c line 116 function __cs_create thread 0
----------------------------------------------------
  __cs_threadargs[3]=NULL (00000000000000000000000000000000)

State 98 file examples/_cs_lazy_unsafe.c line 117 function __cs_create thread 0
----------------------------------------------------
  __cs_message="thread spawned" (00000101000000000000000000000000)

State 107 file examples/_cs_lazy_unsafe.c line 417 function main_thread thread 0
----------------------------------------------------
  __cs_value_ptr=NULL (00000000000000000000000000000000)

State 113 file examples/_cs_lazy_unsafe.c line 429 function main thread 0
----------------------------------------------------
  __cs_pc[0]=3 (011)

State 114 file examples/_cs_lazy_unsafe.c line 431 function main thread 0
----------------------------------------------------
  __cs_tmp_t1_r0=3 (11)

State 116 file examples/_cs_lazy_unsafe.c line 434 function main thread 0
----------------------------------------------------
  __cs_thread_index=1 (001)

State 117 file examples/_cs_lazy_unsafe.c line 435 function main thread 0
----------------------------------------------------
  __cs_pc_cs[1]=3 (0011)

State 121 file examples/_cs_lazy_unsafe.c line 437 function main thread 0
----------------------------------------------------
  __cs_param_thread1_arg=NULL (00000000000000000000000000000000)

State 125 file examples/_cs_lazy_unsafe.c line 339 function thread1_0 thread 0
----------------------------------------------------
  __cs_mutex_to_lock=&m (00000010000000000000000000000000)

State 129 file examples/_cs_lazy_unsafe.c line 156 function __cs_mutex_lock thread 0
----------------------------------------------------
  m=2 (00000000000000000000000000000010)

State 132 file examples/_cs_lazy_unsafe.c line 157 function __cs_mutex_lock thread 0
----------------------------------------------------
  __cs_message="lock acquired" (00001010000000000000000000000000)

State 137 file examples/_cs_lazy_unsafe.c line 341 function thread1_0 thread 0
----------------------------------------------------
  data=1 (00000000000000000000000000000001)

State 141 file examples/_cs_lazy_unsafe.c line 343 function thread1_0 thread 0
----------------------------------------------------
  __cs_mutex_to_unlock=&m (00000010000000000000000000000000)

State 145 file examples/_cs_lazy_unsafe.c line 165 function __cs_mutex_unlock thread 0
----------------------------------------------------
  m=-1 (11111111111111111111111111111111)

State 148 file examples/_cs_lazy_unsafe.c line 166 function __cs_mutex_unlock thread 0
----------------------------------------------------
  __cs_message="lock released" (00001011000000000000000000000000)

State 155 file examples/_cs_lazy_unsafe.c line 349 function thread1_0 thread 0
----------------------------------------------------
  __cs_value_ptr=NULL (00000000000000000000000000000000)

State 161 file examples/_cs_lazy_unsafe.c line 438 function main thread 0
----------------------------------------------------
  __cs_pc[1]=3 (011)

State 162 file examples/_cs_lazy_unsafe.c line 441 function main thread 0
----------------------------------------------------
  __cs_tmp_t2_r0=3 (11)

State 164 file examples/_cs_lazy_unsafe.c line 444 function main thread 0
----------------------------------------------------
  __cs_thread_index=2 (010)

State 165 file examples/_cs_lazy_unsafe.c line 445 function main thread 0
----------------------------------------------------
  __cs_pc_cs[2]=3 (0011)

State 169 file examples/_cs_lazy_unsafe.c line 447 function main thread 0
----------------------------------------------------
  __cs_param_thread2_arg=NULL (00000000000000000000000000000000)

State 173 file examples/_cs_lazy_unsafe.c line 354 function thread2_0 thread 0
----------------------------------------------------
  __cs_mutex_to_lock=&m (00000010000000000000000000000000)

State 177 file examples/_cs_lazy_unsafe.c line 156 function __cs_mutex_lock thread 0
----------------------------------------------------
  m=3 (00000000000000000000000000000011)

State 180 file examples/_cs_lazy_unsafe.c line 157 function __cs_mutex_lock thread 0
----------------------------------------------------
  __cs_message="lock acquired" (00001010000000000000000000000000)

State 185 file examples/_cs_lazy_unsafe.c line 356 function thread2_0 thread 0
----------------------------------------------------
  data=3 (00000000000000000000000000000011)

State 189 file examples/_cs_lazy_unsafe.c line 358 function thread2_0 thread 0
----------------------------------------------------
  __cs_mutex_to_unlock=&m (00000010000000000000000000000000)

State 193 file examples/_cs_lazy_unsafe.c line 165 function __cs_mutex_unlock thread 0
----------------------------------------------------
  m=-1 (11111111111111111111111111111111)

State 196 file examples/_cs_lazy_unsafe.c line 166 function __cs_mutex_unlock thread 0
----------------------------------------------------
  __cs_message="lock released" (00001011000000000000000000000000)

State 203 file examples/_cs_lazy_unsafe.c line 364 function thread2_0 thread 0
----------------------------------------------------
  __cs_value_ptr=NULL (00000000000000000000000000000000)

State 209 file examples/_cs_lazy_unsafe.c line 448 function main thread 0
----------------------------------------------------
  __cs_pc[2]=3 (011)

State 210 file examples/_cs_lazy_unsafe.c line 451 function main thread 0
----------------------------------------------------
  __cs_tmp_t3_r0=2 (10)

State 212 file examples/_cs_lazy_unsafe.c line 454 function main thread 0
----------------------------------------------------
  __cs_thread_index=3 (011)

State 213 file examples/_cs_lazy_unsafe.c line 455 function main thread 0
----------------------------------------------------
  __cs_pc_cs[3]=2 (0010)

State 217 file examples/_cs_lazy_unsafe.c line 457 function main thread 0
----------------------------------------------------
  __cs_param_thread3_arg=NULL (00000000000000000000000000000000)

State 221 file examples/_cs_lazy_unsafe.c line 369 function thread3_0 thread 0
----------------------------------------------------
  __cs_mutex_to_lock=&m (00000010000000000000000000000000)

State 225 file examples/_cs_lazy_unsafe.c line 156 function __cs_mutex_lock thread 0
----------------------------------------------------
  m=4 (00000000000000000000000000000100)

State 228 file examples/_cs_lazy_unsafe.c line 157 function __cs_mutex_lock thread 0
----------------------------------------------------
  __cs_message="lock acquired" (00001010000000000000000000000000)

State 233 file examples/_cs_lazy_unsafe.c line 372 function thread3_0 thread 0
----------------------------------------------------
  __cs_local_thread3___cs_tmp_if_cond_0=TRUE (00000001)

Violated property:
  file examples/_cs_lazy_unsafe.c line 375 function thread3_0
  assertion 0
  0 != 0

VERIFICATION FAILED
