@!@!@STARTMSG 2262:0 @!@!@
TLC2 Version 2.20 of Day Month 20?? (rev: 30ec586)
@!@!@ENDMSG 2262 @!@!@
@!@!@STARTMSG 2187:0 @!@!@
Running breadth-first search Model-Checking with fp 58 and seed -1488217859667491964 with 1 worker on 12 cores with 3589MB heap and 64MB offheap memory [pid: 3488] (Windows 11 10.0 amd64, Oracle Corporation 25.0.1 x86_64, MSBDiskFPSet, DiskStateQueue).
@!@!@ENDMSG 2187 @!@!@
@!@!@STARTMSG 2220:0 @!@!@
Starting SANY...
@!@!@ENDMSG 2220 @!@!@
Parsing file C:\Users\herob\Desktop\Mathematical_Logic\tlaplus\DiningPhilosophers\DiningPhilosophers.tla (file:/c:/Users/herob/Desktop/Mathematical_Logic/tlaplus/DiningPhilosophers/DiningPhilosophers.tla)
!! WARNING: The TLA+ translation in module DiningPhilosophers has changed since its last translation.
Parsing file C:\Users\herob\AppData\Local\Temp\tlc-11620407194762065067\Integers.tla (jar:file:/C:/Users/herob/.vscode/extensions/tlaplus.vscode-ide-2025.11.171726/tools/tla2tools.jar!/tla2sany/StandardModules/Integers.tla)
Parsing file C:\Users\herob\AppData\Local\Temp\tlc-11620407194762065067\TLC.tla (jar:file:/C:/Users/herob/.vscode/extensions/tlaplus.vscode-ide-2025.11.171726/tools/tla2tools.jar!/tla2sany/StandardModules/TLC.tla)
Parsing file C:\Users\herob\AppData\Local\Temp\tlc-11620407194762065067\Naturals.tla (jar:file:/C:/Users/herob/.vscode/extensions/tlaplus.vscode-ide-2025.11.171726/tools/tla2tools.jar!/tla2sany/StandardModules/Naturals.tla)
Parsing file C:\Users\herob\AppData\Local\Temp\tlc-11620407194762065067\Sequences.tla (jar:file:/C:/Users/herob/.vscode/extensions/tlaplus.vscode-ide-2025.11.171726/tools/tla2tools.jar!/tla2sany/StandardModules/Sequences.tla)
Parsing file C:\Users\herob\AppData\Local\Temp\tlc-11620407194762065067\FiniteSets.tla (jar:file:/C:/Users/herob/.vscode/extensions/tlaplus.vscode-ide-2025.11.171726/tools/tla2tools.jar!/tla2sany/StandardModules/FiniteSets.tla)
Semantic processing of module Naturals
Semantic processing of module Integers
Semantic processing of module Sequences
Semantic processing of module FiniteSets
Semantic processing of module TLC
Semantic processing of module DiningPhilosophers
Linting of module DiningPhilosophers
@!@!@STARTMSG 2219:0 @!@!@
SANY finished.
@!@!@ENDMSG 2219 @!@!@
@!@!@STARTMSG 2185:0 @!@!@
Starting... (2025-11-21 19:04:11)
@!@!@ENDMSG 2185 @!@!@
@!@!@STARTMSG 2212:0 @!@!@
Implied-temporal checking--satisfiability problem has 1 branches.
@!@!@ENDMSG 2212 @!@!@
@!@!@STARTMSG 2189:0 @!@!@
Computing initial states...
@!@!@ENDMSG 2189 @!@!@
@!@!@STARTMSG 2190:0 @!@!@
Finished computing initial states: 1 distinct state generated at 2025-11-21 19:04:11.
@!@!@ENDMSG 2190 @!@!@
@!@!@STARTMSG 2200:0 @!@!@
Progress(29) at 2025-11-21 19:04:11: 336 states generated, 67 distinct states found, 0 states left on queue.
@!@!@ENDMSG 2200 @!@!@
@!@!@STARTMSG 2192:0 @!@!@
Checking temporal properties for the complete state space with 67 total distinct states at (2025-11-21 19:04:11)
@!@!@ENDMSG 2192 @!@!@
@!@!@STARTMSG 2267:0 @!@!@
Finished checking temporal properties in 00s at 2025-11-21 19:04:11
@!@!@ENDMSG 2267 @!@!@
@!@!@STARTMSG 2193:0 @!@!@
Model checking completed. No error has been found.
  Estimates of the probability that TLC did not check all reachable states
  because two distinct states had the same fingerprint:
  calculated (optimistic):  val = 9.8E-16
@!@!@ENDMSG 2193 @!@!@
@!@!@STARTMSG 2201:0 @!@!@
The coverage statistics at 2025-11-21 19:04:11 (see https://explain.tlapl.us/module-coverage-statistics for how to interpret the following statistics).
@!@!@ENDMSG 2201 @!@!@
@!@!@STARTMSG 2779:0 @!@!@
<hungry line 119, col 10 to line 119, col 15 of module DiningPhilosophers>: 6
@!@!@ENDMSG 2779 @!@!@
@!@!@STARTMSG 2779:0 @!@!@
<pc line 103, col 11 to line 103, col 12 of module DiningPhilosophers>: 11
@!@!@ENDMSG 2779 @!@!@
@!@!@STARTMSG 2779:0 @!@!@
<forks line 103, col 15 to line 103, col 19 of module DiningPhilosophers>: 48
@!@!@ENDMSG 2779 @!@!@
@!@!@STARTMSG 2773:0 @!@!@
<Init line 125, col 1 to line 125, col 4 of module DiningPhilosophers>: 1:1
@!@!@ENDMSG 2773 @!@!@
@!@!@STARTMSG 2775:0 @!@!@
  line 126, col 28 to line 136, col 20 of module DiningPhilosophers: 1:5
@!@!@ENDMSG 2775 @!@!@
@!@!@STARTMSG 2221:0 @!@!@
  |line 127, col 33 to line 127, col 37 of module DiningPhilosophers: 1
@!@!@ENDMSG 2221 @!@!@
@!@!@STARTMSG 2775:0 @!@!@
  line 138, col 21 to line 138, col 45 of module DiningPhilosophers: 1:5
@!@!@ENDMSG 2775 @!@!@
@!@!@STARTMSG 2221:0 @!@!@
  |line 138, col 31 to line 138, col 35 of module DiningPhilosophers: 1
@!@!@ENDMSG 2221 @!@!@
@!@!@STARTMSG 2221:0 @!@!@
  line 139, col 12 to line 139, col 45 of module DiningPhilosophers: 1
@!@!@ENDMSG 2221 @!@!@
@!@!@STARTMSG 2775:0 @!@!@
  |line 139, col 17 to line 139, col 45 of module DiningPhilosophers: 1:5
@!@!@ENDMSG 2775 @!@!@
@!@!@STARTMSG 2221:0 @!@!@
  ||line 139, col 27 to line 139, col 33 of module DiningPhilosophers: 1
@!@!@ENDMSG 2221 @!@!@
@!@!@STARTMSG 2772:0 @!@!@
<Loop line 141, col 1 to line 141, col 10 of module DiningPhilosophers>: 57:317
@!@!@ENDMSG 2772 @!@!@
@!@!@STARTMSG 2221:0 @!@!@
  line 141, col 18 to line 141, col 34 of module DiningPhilosophers: 652
@!@!@ENDMSG 2221 @!@!@
@!@!@STARTMSG 2221:0 @!@!@
  |line 141, col 18 to line 141, col 25 of module DiningPhilosophers: 335
@!@!@ENDMSG 2221 @!@!@
@!@!@STARTMSG 2221:0 @!@!@
  line 142, col 21 to line 143, col 51 of module DiningPhilosophers: 317
@!@!@ENDMSG 2221 @!@!@
@!@!@STARTMSG 2221:0 @!@!@
  |line 142, col 24 to line 142, col 58 of module DiningPhilosophers: 317
@!@!@ENDMSG 2221 @!@!@
@!@!@STARTMSG 2221:0 @!@!@
  |line 143, col 24 to line 143, col 51 of module DiningPhilosophers: 94
@!@!@ENDMSG 2221 @!@!@
@!@!@STARTMSG 2221:0 @!@!@
  line 144, col 29 to line 147, col 73 of module DiningPhilosophers: 78
@!@!@ENDMSG 2221 @!@!@
@!@!@STARTMSG 2221:0 @!@!@
  |line 144, col 38 to line 147, col 73 of module DiningPhilosophers: 78
@!@!@ENDMSG 2221 @!@!@
@!@!@STARTMSG 2221:0 @!@!@
  ||line 144, col 39 to line 144, col 43 of module DiningPhilosophers: 78
@!@!@ENDMSG 2221 @!@!@
@!@!@STARTMSG 2221:0 @!@!@
  ||line 144, col 52 to line 147, col 72 of module DiningPhilosophers: 78
@!@!@ENDMSG 2221 @!@!@
@!@!@STARTMSG 2221:0 @!@!@
  ||line 144, col 97 to line 147, col 72 of module DiningPhilosophers: 78
@!@!@ENDMSG 2221 @!@!@
@!@!@STARTMSG 2221:0 @!@!@
  |||line 145, col 87 to line 145, col 107 of module DiningPhilosophers: 78
@!@!@ENDMSG 2221 @!@!@
@!@!@STARTMSG 2221:0 @!@!@
  ||||line 109, col 23 to line 109, col 49 of module DiningPhilosophers: 78
@!@!@ENDMSG 2221 @!@!@
@!@!@STARTMSG 2221:0 @!@!@
  |||||line 109, col 26 to line 109, col 30 of module DiningPhilosophers: 78
@!@!@ENDMSG 2221 @!@!@
@!@!@STARTMSG 2221:0 @!@!@
  |||||line 109, col 37 to line 109, col 38 of module DiningPhilosophers: 9
@!@!@ENDMSG 2221 @!@!@
@!@!@STARTMSG 2221:0 @!@!@
  |||||line 109, col 45 to line 109, col 49 of module DiningPhilosophers: 69
@!@!@ENDMSG 2221 @!@!@
@!@!@STARTMSG 2221:0 @!@!@
  ||||line 145, col 103 to line 145, col 106 of module DiningPhilosophers: 78
@!@!@ENDMSG 2221 @!@!@
@!@!@STARTMSG 2221:0 @!@!@
  |||line 146, col 76 to line 146, col 89 of module DiningPhilosophers: 78
@!@!@ENDMSG 2221 @!@!@
@!@!@STARTMSG 2221:0 @!@!@
  line 148, col 32 to line 149, col 63 of module DiningPhilosophers: 239
@!@!@ENDMSG 2221 @!@!@
@!@!@STARTMSG 2221:0 @!@!@
  |line 148, col 35 to line 148, col 70 of module DiningPhilosophers: 239
@!@!@ENDMSG 2221 @!@!@
@!@!@STARTMSG 2221:0 @!@!@
  ||line 148, col 35 to line 148, col 63 of module DiningPhilosophers: 239
@!@!@ENDMSG 2221 @!@!@
@!@!@STARTMSG 2221:0 @!@!@
  |||line 148, col 35 to line 148, col 56 of module DiningPhilosophers: 239
@!@!@ENDMSG 2221 @!@!@
@!@!@STARTMSG 2221:0 @!@!@
  ||||line 148, col 35 to line 148, col 39 of module DiningPhilosophers: 239
@!@!@ENDMSG 2221 @!@!@
@!@!@STARTMSG 2221:0 @!@!@
  ||||line 148, col 41 to line 148, col 55 of module DiningPhilosophers: 239
@!@!@ENDMSG 2221 @!@!@
@!@!@STARTMSG 2221:0 @!@!@
  |||||line 107, col 17 to line 107, col 43 of module DiningPhilosophers: 239
@!@!@ENDMSG 2221 @!@!@
@!@!@STARTMSG 2221:0 @!@!@
  ||||||line 107, col 20 to line 107, col 25 of module DiningPhilosophers: 239
@!@!@ENDMSG 2221 @!@!@
@!@!@STARTMSG 2221:0 @!@!@
  ||||||line 107, col 39 to line 107, col 43 of module DiningPhilosophers: 202
@!@!@ENDMSG 2221 @!@!@
@!@!@STARTMSG 2221:0 @!@!@
  |||||line 148, col 51 to line 148, col 54 of module DiningPhilosophers: 239
@!@!@ENDMSG 2221 @!@!@
@!@!@STARTMSG 2221:0 @!@!@
  ||line 148, col 67 to line 148, col 70 of module DiningPhilosophers: 239
@!@!@ENDMSG 2221 @!@!@
@!@!@STARTMSG 2221:0 @!@!@
  |line 149, col 35 to line 149, col 63 of module DiningPhilosophers: 157
@!@!@ENDMSG 2221 @!@!@
@!@!@STARTMSG 2221:0 @!@!@
  ||line 149, col 36 to line 149, col 63 of module DiningPhilosophers: 157
@!@!@ENDMSG 2221 @!@!@
@!@!@STARTMSG 2221:0 @!@!@
  |||line 149, col 36 to line 149, col 57 of module DiningPhilosophers: 157
@!@!@ENDMSG 2221 @!@!@
@!@!@STARTMSG 2221:0 @!@!@
  ||||line 149, col 36 to line 149, col 40 of module DiningPhilosophers: 157
@!@!@ENDMSG 2221 @!@!@
@!@!@STARTMSG 2221:0 @!@!@
  ||||line 149, col 42 to line 149, col 56 of module DiningPhilosophers: 157
@!@!@ENDMSG 2221 @!@!@
@!@!@STARTMSG 2221:0 @!@!@
  |||||line 107, col 17 to line 107, col 43 of module DiningPhilosophers: 157
@!@!@ENDMSG 2221 @!@!@
@!@!@STARTMSG 2221:0 @!@!@
  ||||||line 107, col 20 to line 107, col 25 of module DiningPhilosophers: 157
@!@!@ENDMSG 2221 @!@!@
@!@!@STARTMSG 2221:0 @!@!@
  ||||||line 107, col 39 to line 107, col 43 of module DiningPhilosophers: 127
@!@!@ENDMSG 2221 @!@!@
@!@!@STARTMSG 2221:0 @!@!@
  |||||line 149, col 52 to line 149, col 55 of module DiningPhilosophers: 157
@!@!@ENDMSG 2221 @!@!@
@!@!@STARTMSG 2221:0 @!@!@
  line 150, col 40 to line 153, col 85 of module DiningPhilosophers: 16
@!@!@ENDMSG 2221 @!@!@
@!@!@STARTMSG 2221:0 @!@!@
  |line 150, col 49 to line 153, col 85 of module DiningPhilosophers: 16
@!@!@ENDMSG 2221 @!@!@
@!@!@STARTMSG 2221:0 @!@!@
  ||line 150, col 50 to line 150, col 54 of module DiningPhilosophers: 16
@!@!@ENDMSG 2221 @!@!@
@!@!@STARTMSG 2221:0 @!@!@
  ||line 150, col 65 to line 150, col 79 of module DiningPhilosophers: 16
@!@!@ENDMSG 2221 @!@!@
@!@!@STARTMSG 2221:0 @!@!@
  |||line 107, col 17 to line 107, col 43 of module DiningPhilosophers: 16
@!@!@ENDMSG 2221 @!@!@
@!@!@STARTMSG 2221:0 @!@!@
  ||||line 107, col 20 to line 107, col 25 of module DiningPhilosophers: 16
@!@!@ENDMSG 2221 @!@!@
@!@!@STARTMSG 2221:0 @!@!@
  ||||line 107, col 39 to line 107, col 43 of module DiningPhilosophers: 15
@!@!@ENDMSG 2221 @!@!@
@!@!@STARTMSG 2221:0 @!@!@
  |||line 150, col 75 to line 150, col 78 of module DiningPhilosophers: 16
@!@!@ENDMSG 2221 @!@!@
@!@!@STARTMSG 2221:0 @!@!@
  ||line 150, col 110 to line 153, col 84 of module DiningPhilosophers: 16
@!@!@ENDMSG 2221 @!@!@
@!@!@STARTMSG 2221:0 @!@!@
  |||line 151, col 99 to line 151, col 120 of module DiningPhilosophers: 16
@!@!@ENDMSG 2221 @!@!@
@!@!@STARTMSG 2221:0 @!@!@
  ||||line 110, col 24 to line 110, col 50 of module DiningPhilosophers: 16
@!@!@ENDMSG 2221 @!@!@
@!@!@STARTMSG 2221:0 @!@!@
  |||||line 110, col 27 to line 110, col 32 of module DiningPhilosophers: 16
@!@!@ENDMSG 2221 @!@!@
@!@!@STARTMSG 2221:0 @!@!@
  |||||line 110, col 46 to line 110, col 50 of module DiningPhilosophers: 15
@!@!@ENDMSG 2221 @!@!@
@!@!@STARTMSG 2221:0 @!@!@
  ||||line 151, col 116 to line 151, col 119 of module DiningPhilosophers: 16
@!@!@ENDMSG 2221 @!@!@
@!@!@STARTMSG 2221:0 @!@!@
  |||line 152, col 88 to line 152, col 101 of module DiningPhilosophers: 16
@!@!@ENDMSG 2221 @!@!@
@!@!@STARTMSG 2221:0 @!@!@
  line 154, col 37 to line 155, col 53 of module DiningPhilosophers: 223
@!@!@ENDMSG 2221 @!@!@
@!@!@STARTMSG 2221:0 @!@!@
  line 156, col 21 to line 156, col 32 of module DiningPhilosophers: 317
@!@!@ENDMSG 2221 @!@!@
@!@!@STARTMSG 2221:0 @!@!@
  line 157, col 32 to line 157, col 43 of module DiningPhilosophers: 308
@!@!@ENDMSG 2221 @!@!@
@!@!@STARTMSG 2221:0 @!@!@
  |line 117, col 14 to line 117, col 58 of module DiningPhilosophers: 308
@!@!@ENDMSG 2221 @!@!@
@!@!@STARTMSG 2221:0 @!@!@
  ||line 117, col 14 to line 117, col 34 of module DiningPhilosophers: 308
@!@!@ENDMSG 2221 @!@!@
@!@!@STARTMSG 2221:0 @!@!@
  |||line 113, col 5 to line 113, col 67 of module DiningPhilosophers: 308
@!@!@ENDMSG 2221 @!@!@
@!@!@STARTMSG 2221:0 @!@!@
  ||||line 113, col 5 to line 113, col 33 of module DiningPhilosophers: 308
@!@!@ENDMSG 2221 @!@!@
@!@!@STARTMSG 2221:0 @!@!@
  ||||line 113, col 38 to line 113, col 67 of module DiningPhilosophers: 85
@!@!@ENDMSG 2221 @!@!@
@!@!@STARTMSG 2221:0 @!@!@
  |||||line 113, col 38 to line 113, col 63 of module DiningPhilosophers: 85
@!@!@ENDMSG 2221 @!@!@
@!@!@STARTMSG 2221:0 @!@!@
  ||||||line 113, col 38 to line 113, col 56 of module DiningPhilosophers: 85
@!@!@ENDMSG 2221 @!@!@
@!@!@STARTMSG 2221:0 @!@!@
  |||||||line 113, col 38 to line 113, col 42 of module DiningPhilosophers: 85
@!@!@ENDMSG 2221 @!@!@
@!@!@STARTMSG 2221:0 @!@!@
  |||||||line 113, col 44 to line 113, col 55 of module DiningPhilosophers: 85
@!@!@ENDMSG 2221 @!@!@
@!@!@STARTMSG 2221:0 @!@!@
  ||||||||line 107, col 17 to line 107, col 43 of module DiningPhilosophers: 85
@!@!@ENDMSG 2221 @!@!@
@!@!@STARTMSG 2221:0 @!@!@
  |||||||||line 107, col 20 to line 107, col 25 of module DiningPhilosophers: 85
@!@!@ENDMSG 2221 @!@!@
@!@!@STARTMSG 2221:0 @!@!@
  |||||||||line 107, col 39 to line 107, col 43 of module DiningPhilosophers: 57
@!@!@ENDMSG 2221 @!@!@
@!@!@STARTMSG 2221:0 @!@!@
  ||||||||line 113, col 54 to line 113, col 54 of module DiningPhilosophers: 85
@!@!@ENDMSG 2221 @!@!@
@!@!@STARTMSG 2221:0 @!@!@
  |||||line 113, col 67 to line 113, col 67 of module DiningPhilosophers: 85
@!@!@ENDMSG 2221 @!@!@
@!@!@STARTMSG 2221:0 @!@!@
  |||line 117, col 33 to line 117, col 33 of module DiningPhilosophers: 308
@!@!@ENDMSG 2221 @!@!@
@!@!@STARTMSG 2221:0 @!@!@
  ||line 117, col 39 to line 117, col 58 of module DiningPhilosophers: 57
@!@!@ENDMSG 2221 @!@!@
@!@!@STARTMSG 2221:0 @!@!@
  |||line 115, col 5 to line 115, col 57 of module DiningPhilosophers: 57
@!@!@ENDMSG 2221 @!@!@
@!@!@STARTMSG 2221:0 @!@!@
  ||||line 115, col 5 to line 115, col 28 of module DiningPhilosophers: 57
@!@!@ENDMSG 2221 @!@!@
@!@!@STARTMSG 2221:0 @!@!@
  ||||line 115, col 33 to line 115, col 57 of module DiningPhilosophers: 9
@!@!@ENDMSG 2221 @!@!@
@!@!@STARTMSG 2221:0 @!@!@
  |||||line 115, col 33 to line 115, col 51 of module DiningPhilosophers: 9
@!@!@ENDMSG 2221 @!@!@
@!@!@STARTMSG 2221:0 @!@!@
  ||||||line 115, col 33 to line 115, col 37 of module DiningPhilosophers: 9
@!@!@ENDMSG 2221 @!@!@
@!@!@STARTMSG 2221:0 @!@!@
  ||||||line 115, col 39 to line 115, col 50 of module DiningPhilosophers: 9
@!@!@ENDMSG 2221 @!@!@
@!@!@STARTMSG 2221:0 @!@!@
  |||||||line 107, col 17 to line 107, col 43 of module DiningPhilosophers: 9
@!@!@ENDMSG 2221 @!@!@
@!@!@STARTMSG 2221:0 @!@!@
  ||||||||line 107, col 20 to line 107, col 25 of module DiningPhilosophers: 9
@!@!@ENDMSG 2221 @!@!@
@!@!@STARTMSG 2221:0 @!@!@
  ||||||||line 107, col 39 to line 107, col 43 of module DiningPhilosophers: 8
@!@!@ENDMSG 2221 @!@!@
@!@!@STARTMSG 2221:0 @!@!@
  |||||||line 115, col 49 to line 115, col 49 of module DiningPhilosophers: 9
@!@!@ENDMSG 2221 @!@!@
@!@!@STARTMSG 2221:0 @!@!@
  |||line 117, col 57 to line 117, col 57 of module DiningPhilosophers: 57
@!@!@ENDMSG 2221 @!@!@
@!@!@STARTMSG 2221:0 @!@!@
  |line 157, col 39 to line 157, col 42 of module DiningPhilosophers: 308
@!@!@ENDMSG 2221 @!@!@
@!@!@STARTMSG 2221:0 @!@!@
  line 158, col 37 to line 158, col 72 of module DiningPhilosophers: 9
@!@!@ENDMSG 2221 @!@!@
@!@!@STARTMSG 2221:0 @!@!@
  line 159, col 37 to line 159, col 73 of module DiningPhilosophers: 299
@!@!@ENDMSG 2221 @!@!@
@!@!@STARTMSG 2221:0 @!@!@
  line 160, col 26 to line 160, col 63 of module DiningPhilosophers: 9
@!@!@ENDMSG 2221 @!@!@
@!@!@STARTMSG 2221:0 @!@!@
  line 161, col 18 to line 161, col 33 of module DiningPhilosophers: 317
@!@!@ENDMSG 2221 @!@!@
@!@!@STARTMSG 2772:0 @!@!@
<Think line 163, col 1 to line 163, col 11 of module DiningPhilosophers>: 4:9
@!@!@ENDMSG 2772 @!@!@
@!@!@STARTMSG 2221:0 @!@!@
  line 163, col 19 to line 163, col 36 of module DiningPhilosophers: 344
@!@!@ENDMSG 2221 @!@!@
@!@!@STARTMSG 2221:0 @!@!@
  |line 163, col 19 to line 163, col 26 of module DiningPhilosophers: 335
@!@!@ENDMSG 2221 @!@!@
@!@!@STARTMSG 2221:0 @!@!@
  line 164, col 19 to line 164, col 58 of module DiningPhilosophers: 9
@!@!@ENDMSG 2221 @!@!@
@!@!@STARTMSG 2221:0 @!@!@
  line 165, col 19 to line 165, col 52 of module DiningPhilosophers: 9
@!@!@ENDMSG 2221 @!@!@
@!@!@STARTMSG 2221:0 @!@!@
  line 166, col 19 to line 166, col 32 of module DiningPhilosophers: 9
@!@!@ENDMSG 2221 @!@!@
@!@!@STARTMSG 2772:0 @!@!@
<Eat line 168, col 1 to line 168, col 9 of module DiningPhilosophers>: 5:9
@!@!@ENDMSG 2772 @!@!@
@!@!@STARTMSG 2221:0 @!@!@
  line 168, col 17 to line 168, col 32 of module DiningPhilosophers: 344
@!@!@ENDMSG 2221 @!@!@
@!@!@STARTMSG 2221:0 @!@!@
  |line 168, col 17 to line 168, col 24 of module DiningPhilosophers: 335
@!@!@ENDMSG 2221 @!@!@
@!@!@STARTMSG 2221:0 @!@!@
  line 169, col 17 to line 169, col 57 of module DiningPhilosophers: 9
@!@!@ENDMSG 2221 @!@!@
@!@!@STARTMSG 2221:0 @!@!@
  line 170, col 17 to line 171, col 72 of module DiningPhilosophers: 9
@!@!@ENDMSG 2221 @!@!@
@!@!@STARTMSG 2221:0 @!@!@
  |line 170, col 26 to line 171, col 72 of module DiningPhilosophers: 9
@!@!@ENDMSG 2221 @!@!@
@!@!@STARTMSG 2221:0 @!@!@
  ||line 170, col 27 to line 170, col 31 of module DiningPhilosophers: 9
@!@!@ENDMSG 2221 @!@!@
@!@!@STARTMSG 2221:0 @!@!@
  ||line 170, col 40 to line 170, col 70 of module DiningPhilosophers: 9
@!@!@ENDMSG 2221 @!@!@
@!@!@STARTMSG 2221:0 @!@!@
  ||line 171, col 42 to line 171, col 56 of module DiningPhilosophers: 9
@!@!@ENDMSG 2221 @!@!@
@!@!@STARTMSG 2221:0 @!@!@
  |||line 107, col 17 to line 107, col 43 of module DiningPhilosophers: 9
@!@!@ENDMSG 2221 @!@!@
@!@!@STARTMSG 2221:0 @!@!@
  ||||line 107, col 20 to line 107, col 25 of module DiningPhilosophers: 9
@!@!@ENDMSG 2221 @!@!@
@!@!@STARTMSG 2221:0 @!@!@
  ||||line 107, col 39 to line 107, col 43 of module DiningPhilosophers: 8
@!@!@ENDMSG 2221 @!@!@
@!@!@STARTMSG 2221:0 @!@!@
  |||line 171, col 52 to line 171, col 55 of module DiningPhilosophers: 9
@!@!@ENDMSG 2221 @!@!@
@!@!@STARTMSG 2221:0 @!@!@
  ||line 171, col 67 to line 171, col 71 of module DiningPhilosophers: 9
@!@!@ENDMSG 2221 @!@!@
@!@!@STARTMSG 2221:0 @!@!@
  line 172, col 17 to line 172, col 50 of module DiningPhilosophers: 9
@!@!@ENDMSG 2221 @!@!@
@!@!@STARTMSG 2774:0 @!@!@
<TypeOK line 197, col 1 to line 197, col 6 of module DiningPhilosophers>
@!@!@ENDMSG 2774 @!@!@
@!@!@STARTMSG 2221:0 @!@!@
  line 198, col 5 to line 200, col 49 of module DiningPhilosophers: 67
@!@!@ENDMSG 2221 @!@!@
@!@!@STARTMSG 2774:0 @!@!@
<ExclusiveAccess line 203, col 1 to line 203, col 15 of module DiningPhilosophers>
@!@!@ENDMSG 2774 @!@!@
@!@!@STARTMSG 2221:0 @!@!@
  line 204, col 5 to line 205, col 70 of module DiningPhilosophers: 67
@!@!@ENDMSG 2221 @!@!@
@!@!@STARTMSG 2221:0 @!@!@
  |line 205, col 9 to line 205, col 70 of module DiningPhilosophers: 1675
@!@!@ENDMSG 2221 @!@!@
@!@!@STARTMSG 2221:0 @!@!@
  ||line 205, col 9 to line 205, col 33 of module DiningPhilosophers: 1675
@!@!@ENDMSG 2221 @!@!@
@!@!@STARTMSG 2221:0 @!@!@
  |||line 205, col 9 to line 205, col 14 of module DiningPhilosophers: 1675
@!@!@ENDMSG 2221 @!@!@
@!@!@STARTMSG 2221:0 @!@!@
  |||line 205, col 19 to line 205, col 33 of module DiningPhilosophers: 1340
@!@!@ENDMSG 2221 @!@!@
@!@!@STARTMSG 2221:0 @!@!@
  ||||line 188, col 5 to line 188, col 70 of module DiningPhilosophers: 1340
@!@!@ENDMSG 2221 @!@!@
@!@!@STARTMSG 2221:0 @!@!@
  |||||line 188, col 5 to line 188, col 64 of module DiningPhilosophers: 1340
@!@!@ENDMSG 2221 @!@!@
@!@!@STARTMSG 2221:0 @!@!@
  ||||||line 188, col 5 to line 188, col 31 of module DiningPhilosophers: 1340
@!@!@ENDMSG 2221 @!@!@
@!@!@STARTMSG 2221:0 @!@!@
  |||||||line 188, col 6 to line 188, col 16 of module DiningPhilosophers: 1340
@!@!@ENDMSG 2221 @!@!@
@!@!@STARTMSG 2221:0 @!@!@
  |||||||line 188, col 19 to line 188, col 30 of module DiningPhilosophers: 1340
@!@!@ENDMSG 2221 @!@!@
@!@!@STARTMSG 2221:0 @!@!@
  ||||||||line 107, col 17 to line 107, col 43 of module DiningPhilosophers: 1340
@!@!@ENDMSG 2221 @!@!@
@!@!@STARTMSG 2221:0 @!@!@
  |||||||||line 107, col 20 to line 107, col 25 of module DiningPhilosophers: 1340
@!@!@ENDMSG 2221 @!@!@
@!@!@STARTMSG 2221:0 @!@!@
  |||||||||line 107, col 39 to line 107, col 43 of module DiningPhilosophers: 1072
@!@!@ENDMSG 2221 @!@!@
@!@!@STARTMSG 2221:0 @!@!@
  ||||||||line 188, col 29 to line 188, col 29 of module DiningPhilosophers: 1340
@!@!@ENDMSG 2221 @!@!@
@!@!@STARTMSG 2221:0 @!@!@
  ||||||line 188, col 38 to line 188, col 64 of module DiningPhilosophers: 1340
@!@!@ENDMSG 2221 @!@!@
@!@!@STARTMSG 2221:0 @!@!@
  |||||||line 188, col 39 to line 188, col 49 of module DiningPhilosophers: 1340
@!@!@ENDMSG 2221 @!@!@
@!@!@STARTMSG 2221:0 @!@!@
  |||||||line 188, col 52 to line 188, col 63 of module DiningPhilosophers: 1340
@!@!@ENDMSG 2221 @!@!@
@!@!@STARTMSG 2221:0 @!@!@
  ||||||||line 107, col 17 to line 107, col 43 of module DiningPhilosophers: 1340
@!@!@ENDMSG 2221 @!@!@
@!@!@STARTMSG 2221:0 @!@!@
  |||||||||line 107, col 20 to line 107, col 25 of module DiningPhilosophers: 1340
@!@!@ENDMSG 2221 @!@!@
@!@!@STARTMSG 2221:0 @!@!@
  |||||||||line 107, col 39 to line 107, col 43 of module DiningPhilosophers: 1072
@!@!@ENDMSG 2221 @!@!@
@!@!@STARTMSG 2221:0 @!@!@
  ||||||||line 188, col 62 to line 188, col 62 of module DiningPhilosophers: 1340
@!@!@ENDMSG 2221 @!@!@
@!@!@STARTMSG 2221:0 @!@!@
  |||||line 188, col 69 to line 188, col 70 of module DiningPhilosophers: 1340
@!@!@ENDMSG 2221 @!@!@
@!@!@STARTMSG 2221:0 @!@!@
  ||||line 205, col 29 to line 205, col 29 of module DiningPhilosophers: 1340
@!@!@ENDMSG 2221 @!@!@
@!@!@STARTMSG 2221:0 @!@!@
  ||||line 205, col 32 to line 205, col 32 of module DiningPhilosophers: 1340
@!@!@ENDMSG 2221 @!@!@
@!@!@STARTMSG 2221:0 @!@!@
  ||line 205, col 38 to line 205, col 70 of module DiningPhilosophers: 670
@!@!@ENDMSG 2221 @!@!@
@!@!@STARTMSG 2221:0 @!@!@
  |||line 205, col 40 to line 205, col 69 of module DiningPhilosophers: 670
@!@!@ENDMSG 2221 @!@!@
@!@!@STARTMSG 2221:0 @!@!@
  ||||line 205, col 40 to line 205, col 52 of module DiningPhilosophers: 670
@!@!@ENDMSG 2221 @!@!@
@!@!@STARTMSG 2221:0 @!@!@
  ||||line 205, col 57 to line 205, col 69 of module DiningPhilosophers: 18
@!@!@ENDMSG 2221 @!@!@
@!@!@STARTMSG 2221:0 @!@!@
  |line 204, col 16 to line 204, col 20 of module DiningPhilosophers: 67
@!@!@ENDMSG 2221 @!@!@
@!@!@STARTMSG 2202:0 @!@!@
End of statistics.
@!@!@ENDMSG 2202 @!@!@
@!@!@STARTMSG 2200:0 @!@!@
Progress(29) at 2025-11-21 19:04:11: 336 states generated (29,302 s/min), 67 distinct states found (5,843 ds/min), 0 states left on queue.
@!@!@ENDMSG 2200 @!@!@
@!@!@STARTMSG 2199:0 @!@!@
336 states generated, 67 distinct states found, 0 states left on queue.
@!@!@ENDMSG 2199 @!@!@
@!@!@STARTMSG 2194:0 @!@!@
The depth of the complete state graph search is 29.
@!@!@ENDMSG 2194 @!@!@
@!@!@STARTMSG 2268:0 @!@!@
The average outdegree of the complete state graph is 1 (minimum is 0, the maximum 4 and the 95th percentile is 3).
@!@!@ENDMSG 2268 @!@!@
@!@!@STARTMSG 2186:0 @!@!@
Finished in 690ms at (2025-11-21 19:04:11)
@!@!@ENDMSG 2186 @!@!@
