CBMC version 5.4 64-bit x86_64 linux
Parsing ./examples/_cs_peterson.c
<command-line>: warning: '__STDC_VERSION__' redefined
<built-in>: note: this is the location of the previous definition
Converting
Type-checking _cs_peterson
file ./examples/_cs_peterson.c line 108 function __cs_init_scalar: function `malloc' is not declared
file ./examples/_cs_peterson.c line 415 function thr1_0: function `assert' is not declared
Generating GOTO Program
Adding CPROVER library (x86_64)
Function Pointer Removal
Partial Inlining
Generic Property Instrumentation
Starting Bounded Model Checking
size of program expression: 401 steps
simple slicing removed 140 assignments
Generated 1 VCC(s), 1 remaining after simplification
Passing problem to propositional reduction
converting SSA
Running propositional reduction
Post-processing
Solving with MiniSAT 2.2.1 with simplifier
756 variables, 1391 clauses
SAT checker: instance is UNSATISFIABLE
Runtime decision procedure: 0.005s
VERIFICATION SUCCESSFUL
