ESBMC version 7.11.0 64-bit x86_64 linux
Target: 64-bit little-endian x86_64-unknown-linux with esbmclibc
Parsing code/level2/level2_loop_logic.c
Converting
Generating GOTO Program
GOTO program creation time: 0.126s
GOTO program processing time: 0.000s
Starting Bounded Model Checking
Unwinding loop 4 iteration 1   file code/level2/level2_loop_logic.c line 56 column 5 function safe_dispatch
Unwinding loop 4 iteration 2   file code/level2/level2_loop_logic.c line 56 column 5 function safe_dispatch
Unwinding loop 4 iteration 3   file code/level2/level2_loop_logic.c line 56 column 5 function safe_dispatch
Unwinding loop 4 iteration 4   file code/level2/level2_loop_logic.c line 56 column 5 function safe_dispatch
Unwinding loop 4 iteration 5   file code/level2/level2_loop_logic.c line 56 column 5 function safe_dispatch
Unwinding loop 4 iteration 6   file code/level2/level2_loop_logic.c line 56 column 5 function safe_dispatch
Unwinding loop 4 iteration 7   file code/level2/level2_loop_logic.c line 56 column 5 function safe_dispatch
Unwinding loop 4 iteration 8   file code/level2/level2_loop_logic.c line 56 column 5 function safe_dispatch
Unwinding loop 4 iteration 9   file code/level2/level2_loop_logic.c line 56 column 5 function safe_dispatch
Not unwinding loop 4 iteration 10   file code/level2/level2_loop_logic.c line 56 column 5 function safe_dispatch
Unwinding loop 5 iteration 1   file code/level2/level2_loop_logic.c line 53 column 3 function safe_dispatch
Unwinding loop 4 iteration 1   file code/level2/level2_loop_logic.c line 56 column 5 function safe_dispatch
Unwinding loop 4 iteration 2   file code/level2/level2_loop_logic.c line 56 column 5 function safe_dispatch
Unwinding loop 4 iteration 3   file code/level2/level2_loop_logic.c line 56 column 5 function safe_dispatch
Unwinding loop 4 iteration 4   file code/level2/level2_loop_logic.c line 56 column 5 function safe_dispatch
Unwinding loop 4 iteration 5   file code/level2/level2_loop_logic.c line 56 column 5 function safe_dispatch
Unwinding loop 4 iteration 6   file code/level2/level2_loop_logic.c line 56 column 5 function safe_dispatch
Unwinding loop 4 iteration 7   file code/level2/level2_loop_logic.c line 56 column 5 function safe_dispatch
Unwinding loop 4 iteration 8   file code/level2/level2_loop_logic.c line 56 column 5 function safe_dispatch
Unwinding loop 4 iteration 9   file code/level2/level2_loop_logic.c line 56 column 5 function safe_dispatch
Not unwinding loop 4 iteration 10   file code/level2/level2_loop_logic.c line 56 column 5 function safe_dispatch
Unwinding loop 5 iteration 2   file code/level2/level2_loop_logic.c line 53 column 3 function safe_dispatch
Unwinding loop 4 iteration 1   file code/level2/level2_loop_logic.c line 56 column 5 function safe_dispatch
Unwinding loop 4 iteration 2   file code/level2/level2_loop_logic.c line 56 column 5 function safe_dispatch
Unwinding loop 4 iteration 3   file code/level2/level2_loop_logic.c line 56 column 5 function safe_dispatch
Unwinding loop 4 iteration 4   file code/level2/level2_loop_logic.c line 56 column 5 function safe_dispatch
Unwinding loop 4 iteration 5   file code/level2/level2_loop_logic.c line 56 column 5 function safe_dispatch
Unwinding loop 4 iteration 6   file code/level2/level2_loop_logic.c line 56 column 5 function safe_dispatch
Unwinding loop 4 iteration 7   file code/level2/level2_loop_logic.c line 56 column 5 function safe_dispatch
Unwinding loop 4 iteration 8   file code/level2/level2_loop_logic.c line 56 column 5 function safe_dispatch
Unwinding loop 4 iteration 9   file code/level2/level2_loop_logic.c line 56 column 5 function safe_dispatch
Not unwinding loop 4 iteration 10   file code/level2/level2_loop_logic.c line 56 column 5 function safe_dispatch
Unwinding loop 5 iteration 3   file code/level2/level2_loop_logic.c line 53 column 3 function safe_dispatch
Unwinding loop 4 iteration 1   file code/level2/level2_loop_logic.c line 56 column 5 function safe_dispatch
Unwinding loop 4 iteration 2   file code/level2/level2_loop_logic.c line 56 column 5 function safe_dispatch
Unwinding loop 4 iteration 3   file code/level2/level2_loop_logic.c line 56 column 5 function safe_dispatch
Unwinding loop 4 iteration 4   file code/level2/level2_loop_logic.c line 56 column 5 function safe_dispatch
Unwinding loop 4 iteration 5   file code/level2/level2_loop_logic.c line 56 column 5 function safe_dispatch
Unwinding loop 4 iteration 6   file code/level2/level2_loop_logic.c line 56 column 5 function safe_dispatch
Unwinding loop 4 iteration 7   file code/level2/level2_loop_logic.c line 56 column 5 function safe_dispatch
Unwinding loop 4 iteration 8   file code/level2/level2_loop_logic.c line 56 column 5 function safe_dispatch
Unwinding loop 4 iteration 9   file code/level2/level2_loop_logic.c line 56 column 5 function safe_dispatch
Not unwinding loop 4 iteration 10   file code/level2/level2_loop_logic.c line 56 column 5 function safe_dispatch
Unwinding loop 5 iteration 4   file code/level2/level2_loop_logic.c line 53 column 3 function safe_dispatch
Unwinding loop 4 iteration 1   file code/level2/level2_loop_logic.c line 56 column 5 function safe_dispatch
Unwinding loop 4 iteration 2   file code/level2/level2_loop_logic.c line 56 column 5 function safe_dispatch
Unwinding loop 4 iteration 3   file code/level2/level2_loop_logic.c line 56 column 5 function safe_dispatch
Unwinding loop 4 iteration 4   file code/level2/level2_loop_logic.c line 56 column 5 function safe_dispatch
Unwinding loop 4 iteration 5   file code/level2/level2_loop_logic.c line 56 column 5 function safe_dispatch
Unwinding loop 4 iteration 6   file code/level2/level2_loop_logic.c line 56 column 5 function safe_dispatch
Unwinding loop 4 iteration 7   file code/level2/level2_loop_logic.c line 56 column 5 function safe_dispatch
Unwinding loop 4 iteration 8   file code/level2/level2_loop_logic.c line 56 column 5 function safe_dispatch
Unwinding loop 4 iteration 9   file code/level2/level2_loop_logic.c line 56 column 5 function safe_dispatch
Not unwinding loop 4 iteration 10   file code/level2/level2_loop_logic.c line 56 column 5 function safe_dispatch
Unwinding loop 5 iteration 5   file code/level2/level2_loop_logic.c line 53 column 3 function safe_dispatch
Unwinding loop 4 iteration 1   file code/level2/level2_loop_logic.c line 56 column 5 function safe_dispatch
Unwinding loop 4 iteration 2   file code/level2/level2_loop_logic.c line 56 column 5 function safe_dispatch
Unwinding loop 4 iteration 3   file code/level2/level2_loop_logic.c line 56 column 5 function safe_dispatch
Unwinding loop 4 iteration 4   file code/level2/level2_loop_logic.c line 56 column 5 function safe_dispatch
Unwinding loop 4 iteration 5   file code/level2/level2_loop_logic.c line 56 column 5 function safe_dispatch
Unwinding loop 4 iteration 6   file code/level2/level2_loop_logic.c line 56 column 5 function safe_dispatch
Unwinding loop 4 iteration 7   file code/level2/level2_loop_logic.c line 56 column 5 function safe_dispatch
Unwinding loop 4 iteration 8   file code/level2/level2_loop_logic.c line 56 column 5 function safe_dispatch
Unwinding loop 4 iteration 9   file code/level2/level2_loop_logic.c line 56 column 5 function safe_dispatch
Not unwinding loop 4 iteration 10   file code/level2/level2_loop_logic.c line 56 column 5 function safe_dispatch
Unwinding loop 5 iteration 6   file code/level2/level2_loop_logic.c line 53 column 3 function safe_dispatch
Unwinding loop 4 iteration 1   file code/level2/level2_loop_logic.c line 56 column 5 function safe_dispatch
Unwinding loop 4 iteration 2   file code/level2/level2_loop_logic.c line 56 column 5 function safe_dispatch
Unwinding loop 4 iteration 3   file code/level2/level2_loop_logic.c line 56 column 5 function safe_dispatch
Unwinding loop 4 iteration 4   file code/level2/level2_loop_logic.c line 56 column 5 function safe_dispatch
Unwinding loop 4 iteration 5   file code/level2/level2_loop_logic.c line 56 column 5 function safe_dispatch
Unwinding loop 4 iteration 6   file code/level2/level2_loop_logic.c line 56 column 5 function safe_dispatch
Unwinding loop 4 iteration 7   file code/level2/level2_loop_logic.c line 56 column 5 function safe_dispatch
Unwinding loop 4 iteration 8   file code/level2/level2_loop_logic.c line 56 column 5 function safe_dispatch
Unwinding loop 4 iteration 9   file code/level2/level2_loop_logic.c line 56 column 5 function safe_dispatch
Not unwinding loop 4 iteration 10   file code/level2/level2_loop_logic.c line 56 column 5 function safe_dispatch
Unwinding loop 5 iteration 7   file code/level2/level2_loop_logic.c line 53 column 3 function safe_dispatch
Unwinding loop 4 iteration 1   file code/level2/level2_loop_logic.c line 56 column 5 function safe_dispatch
Unwinding loop 4 iteration 2   file code/level2/level2_loop_logic.c line 56 column 5 function safe_dispatch
Unwinding loop 4 iteration 3   file code/level2/level2_loop_logic.c line 56 column 5 function safe_dispatch
Unwinding loop 4 iteration 4   file code/level2/level2_loop_logic.c line 56 column 5 function safe_dispatch
Unwinding loop 4 iteration 5   file code/level2/level2_loop_logic.c line 56 column 5 function safe_dispatch
Unwinding loop 4 iteration 6   file code/level2/level2_loop_logic.c line 56 column 5 function safe_dispatch
Unwinding loop 4 iteration 7   file code/level2/level2_loop_logic.c line 56 column 5 function safe_dispatch
Unwinding loop 4 iteration 8   file code/level2/level2_loop_logic.c line 56 column 5 function safe_dispatch
Unwinding loop 4 iteration 9   file code/level2/level2_loop_logic.c line 56 column 5 function safe_dispatch
Not unwinding loop 4 iteration 10   file code/level2/level2_loop_logic.c line 56 column 5 function safe_dispatch
Unwinding loop 5 iteration 8   file code/level2/level2_loop_logic.c line 53 column 3 function safe_dispatch
Unwinding loop 4 iteration 1   file code/level2/level2_loop_logic.c line 56 column 5 function safe_dispatch
Unwinding loop 4 iteration 2   file code/level2/level2_loop_logic.c line 56 column 5 function safe_dispatch
Unwinding loop 4 iteration 3   file code/level2/level2_loop_logic.c line 56 column 5 function safe_dispatch
Unwinding loop 4 iteration 4   file code/level2/level2_loop_logic.c line 56 column 5 function safe_dispatch
Unwinding loop 4 iteration 5   file code/level2/level2_loop_logic.c line 56 column 5 function safe_dispatch
Unwinding loop 4 iteration 6   file code/level2/level2_loop_logic.c line 56 column 5 function safe_dispatch
Unwinding loop 4 iteration 7   file code/level2/level2_loop_logic.c line 56 column 5 function safe_dispatch
Unwinding loop 4 iteration 8   file code/level2/level2_loop_logic.c line 56 column 5 function safe_dispatch
Unwinding loop 4 iteration 9   file code/level2/level2_loop_logic.c line 56 column 5 function safe_dispatch
Not unwinding loop 4 iteration 10   file code/level2/level2_loop_logic.c line 56 column 5 function safe_dispatch
Unwinding loop 5 iteration 9   file code/level2/level2_loop_logic.c line 53 column 3 function safe_dispatch
Unwinding loop 4 iteration 1   file code/level2/level2_loop_logic.c line 56 column 5 function safe_dispatch
Unwinding loop 4 iteration 2   file code/level2/level2_loop_logic.c line 56 column 5 function safe_dispatch
Unwinding loop 4 iteration 3   file code/level2/level2_loop_logic.c line 56 column 5 function safe_dispatch
Unwinding loop 4 iteration 4   file code/level2/level2_loop_logic.c line 56 column 5 function safe_dispatch
Unwinding loop 4 iteration 5   file code/level2/level2_loop_logic.c line 56 column 5 function safe_dispatch
Unwinding loop 4 iteration 6   file code/level2/level2_loop_logic.c line 56 column 5 function safe_dispatch
Unwinding loop 4 iteration 7   file code/level2/level2_loop_logic.c line 56 column 5 function safe_dispatch
Unwinding loop 4 iteration 8   file code/level2/level2_loop_logic.c line 56 column 5 function safe_dispatch
Unwinding loop 4 iteration 9   file code/level2/level2_loop_logic.c line 56 column 5 function safe_dispatch
Not unwinding loop 4 iteration 10   file code/level2/level2_loop_logic.c line 56 column 5 function safe_dispatch
Not unwinding loop 5 iteration 10   file code/level2/level2_loop_logic.c line 53 column 3 function safe_dispatch
Symex completed in: 1.623s (2186 assignments)
Caching time: 0.001s (removed 0 assertions)
Slicing time: 0.034s (removed 1269 assignments)
Generated 11 VCC(s), 11 remaining after simplification (917 assignments)
No solver specified; defaulting to z3
Encoding remaining VCC(s) using bit-vector/floating-point arithmetic
Encoding to solver time: 0.011s
Solving with solver Z3 v4.8.12
Runtime decision procedure: 0.063s
BMC program time: 1.739s

VERIFICATION SUCCESSFUL
