ESBMC version 7.11.0 64-bit x86_64 linux
Target: 64-bit little-endian x86_64-unknown-linux with esbmclibc
Parsing code/level1/level1_integer_overflow.c
Converting
Generating GOTO Program
GOTO program creation time: 0.128s
GOTO program processing time: 0.000s
Starting Bounded Model Checking
Unwinding loop 3 iteration 1   file code/level1/level1_integer_overflow.c line 34 column 3 function safe_integrator
Unwinding loop 3 iteration 2   file code/level1/level1_integer_overflow.c line 34 column 3 function safe_integrator
Unwinding loop 3 iteration 3   file code/level1/level1_integer_overflow.c line 34 column 3 function safe_integrator
Unwinding loop 3 iteration 4   file code/level1/level1_integer_overflow.c line 34 column 3 function safe_integrator
Unwinding loop 3 iteration 5   file code/level1/level1_integer_overflow.c line 34 column 3 function safe_integrator
Unwinding loop 3 iteration 6   file code/level1/level1_integer_overflow.c line 34 column 3 function safe_integrator
Unwinding loop 3 iteration 7   file code/level1/level1_integer_overflow.c line 34 column 3 function safe_integrator
Unwinding loop 3 iteration 8   file code/level1/level1_integer_overflow.c line 34 column 3 function safe_integrator
Unwinding loop 3 iteration 9   file code/level1/level1_integer_overflow.c line 34 column 3 function safe_integrator
Unwinding loop 3 iteration 10   file code/level1/level1_integer_overflow.c line 34 column 3 function safe_integrator
Unwinding loop 3 iteration 11   file code/level1/level1_integer_overflow.c line 34 column 3 function safe_integrator
Unwinding loop 3 iteration 12   file code/level1/level1_integer_overflow.c line 34 column 3 function safe_integrator
Unwinding loop 3 iteration 13   file code/level1/level1_integer_overflow.c line 34 column 3 function safe_integrator
Unwinding loop 3 iteration 14   file code/level1/level1_integer_overflow.c line 34 column 3 function safe_integrator
Unwinding loop 3 iteration 15   file code/level1/level1_integer_overflow.c line 34 column 3 function safe_integrator
Unwinding loop 3 iteration 16   file code/level1/level1_integer_overflow.c line 34 column 3 function safe_integrator
Unwinding loop 3 iteration 17   file code/level1/level1_integer_overflow.c line 34 column 3 function safe_integrator
Unwinding loop 3 iteration 18   file code/level1/level1_integer_overflow.c line 34 column 3 function safe_integrator
Unwinding loop 3 iteration 19   file code/level1/level1_integer_overflow.c line 34 column 3 function safe_integrator
Unwinding loop 3 iteration 20   file code/level1/level1_integer_overflow.c line 34 column 3 function safe_integrator
Unwinding loop 3 iteration 21   file code/level1/level1_integer_overflow.c line 34 column 3 function safe_integrator
Unwinding loop 3 iteration 22   file code/level1/level1_integer_overflow.c line 34 column 3 function safe_integrator
Unwinding loop 3 iteration 23   file code/level1/level1_integer_overflow.c line 34 column 3 function safe_integrator
Unwinding loop 3 iteration 24   file code/level1/level1_integer_overflow.c line 34 column 3 function safe_integrator
Not unwinding loop 3 iteration 25   file code/level1/level1_integer_overflow.c line 34 column 3 function safe_integrator
Symex completed in: 0.003s (236 assignments)
Caching time: 0.001s (removed 0 assertions)
Slicing time: 0.001s (removed 64 assignments)
Generated 80 VCC(s), 80 remaining after simplification (172 assignments)
No solver specified; defaulting to z3
Encoding remaining VCC(s) using bit-vector/floating-point arithmetic
Encoding to solver time: 0.002s
Solving with solver Z3 v4.8.12
Runtime decision procedure: 0.493s
BMC program time: 0.507s

VERIFICATION SUCCESSFUL
